  Building Custom Rule C:/OsWorkPlace/Pro/release-src/CMakeLists.txt
  config.h
  main.cc
  正在生成代码...
      已丢弃 "`string'" (??_C@_05MKKEDADM@?$CF?42X?5@)(从 MSVCRTD.lib(error.obj) 中)
      已丢弃 "`string'" (??_C@_0EJ@LJKNEOLN@Stack?5area?5around?5_alloca?5memor@)(从 MSVCRTD.lib(error.obj) 中)
      已丢弃 "`string'" (??_C@_01EEMJAFIK@?6@)(从 MSVCRTD.lib(error.obj) 中)
      已丢弃 "`string'" (??_C@_02LLMPMKNF@?$DO?5@)(从 MSVCRTD.lib(error.obj) 中)
      已丢弃 "`string'" (??_C@_08OMAHNMHJ@?6Data?3?5?$DM@)(从 MSVCRTD.lib(error.obj) 中)
      已丢弃 "`string'" (??_C@_0CK@DKGBICFE@?6Allocation?5number?5within?5this?5@)(从 MSVCRTD.lib(error.obj) 中)
      已丢弃 "`string'" (??_C@_07DFDJCKFN@?6Size?3?5@)(从 MSVCRTD.lib(error.obj) 中)
      已丢弃 "`string'" (??_C@_0N@MHFFIMFG@?6Address?3?50x@)(从 MSVCRTD.lib(error.obj) 中)
      已丢弃 "`string'" (??_C@_0EI@CLEPFNGI@Stack?5area?5around?5_alloca?5memor@)(从 MSVCRTD.lib(error.obj) 中)
      已丢弃 "`string'" (??_C@_0BK@ODNDAGKB@?$CFs?$CFs?$CFp?$CFs?$CFzd?$CFs?$CFd?$CFs?$CFs?$CFs?$CFs?$CFs@)(从 MSVCRTD.lib(error.obj) 中)
      已丢弃 "`string'" (??_C@_0DE@OHJBPMBP@A?5variable?5is?5being?5used?5withou@)(从 MSVCRTD.lib(error.obj) 中)
      已丢弃 __CastGuardVftablesStart(从 MSVCRTD.lib(guard_support.obj) 中)
      已丢弃 __CastGuardVftablesEnd(从 MSVCRTD.lib(guard_support.obj) 中)
      已丢弃 _RTC_InitBase.rtc$IMZ(从 main.obj 中)
      已丢弃 _RTC_InitBase.rtc$IMZ(从 proimpl.lib(HelloWorld.obj) 中)
      已丢弃 _RTC_Shutdown.rtc$TMZ(从 main.obj 中)
      已丢弃 _RTC_Shutdown.rtc$TMZ(从 proimpl.lib(HelloWorld.obj) 中)
      已丢弃 $unwind$?__empty_global_delete@@YAXPEAX@Z(从 main.obj 中)
      已丢弃 $unwind$?__empty_global_delete@@YAXPEAX_K@Z(从 main.obj 中)
      已丢弃 $unwind$_RTC_CheckStackVars2(从 MSVCRTD.lib(stack.obj) 中)
      已丢弃 $chain$1$_RTC_CheckStackVars2(从 MSVCRTD.lib(stack.obj) 中)
      已丢弃 $chain$2$_RTC_CheckStackVars2(从 MSVCRTD.lib(stack.obj) 中)
      已丢弃 $chain$3$_RTC_CheckStackVars2(从 MSVCRTD.lib(stack.obj) 中)
      已丢弃 $chain$4$_RTC_CheckStackVars2(从 MSVCRTD.lib(stack.obj) 中)
      已丢弃 $chain$5$_RTC_CheckStackVars2(从 MSVCRTD.lib(stack.obj) 中)
      已丢弃 $chain$6$_RTC_CheckStackVars2(从 MSVCRTD.lib(stack.obj) 中)
      已丢弃 $unwind$_RTC_AllocaHelper(从 MSVCRTD.lib(stack.obj) 中)
      已丢弃 $chain$0$_RTC_AllocaHelper(从 MSVCRTD.lib(stack.obj) 中)
      已丢弃 $chain$1$_RTC_AllocaHelper(从 MSVCRTD.lib(stack.obj) 中)
      已丢弃 $unwind$_RTC_Shutdown(从 MSVCRTD.lib(init.obj) 中)
      已丢弃 $unwind$_RTC_InitBase(从 MSVCRTD.lib(init.obj) 中)
      已丢弃 $unwind$_RTC_UninitUse(从 MSVCRTD.lib(error.obj) 中)
      已丢弃 $unwind$?_RTC_AllocaFailure@@YAXPEAXPEAU_RTC_ALLOCA_NODE@@H@Z(从 MSVCRTD.lib(error.obj) 中)
      已丢弃 $chain$0$?_RTC_AllocaFailure@@YAXPEAXPEAU_RTC_ALLOCA_NODE@@H@Z(从 MSVCRTD.lib(error.obj) 中)
      已丢弃 $chain$1$?_RTC_AllocaFailure@@YAXPEAXPEAU_RTC_ALLOCA_NODE@@H@Z(从 MSVCRTD.lib(error.obj) 中)
      已丢弃 $unwind$_vsprintf_s_l(从 MSVCRTD.lib(error.obj) 中)
      已丢弃 $unwind$sprintf_s(从 MSVCRTD.lib(error.obj) 中)
      已丢弃 $unwind$?_getMemBlockDataString@@YAXPEAD0PEBD_K@Z(从 MSVCRTD.lib(error.obj) 中)
      已丢弃 $chain$3$?_getMemBlockDataString@@YAXPEAD0PEBD_K@Z(从 MSVCRTD.lib(error.obj) 中)
      已丢弃 $chain$4$?_getMemBlockDataString@@YAXPEAD0PEBD_K@Z(从 MSVCRTD.lib(error.obj) 中)
      已丢弃 $unwind$at_quick_exit(从 MSVCRTD.lib(utility.obj) 中)
      已丢弃 $unwind$__scrt_dllmain_exception_filter(从 MSVCRTD.lib(utility.obj) 中)
      已丢弃 $unwind$__scrt_dllmain_before_initialize_c(从 MSVCRTD.lib(utility.obj) 中)
      已丢弃 $unwind$__scrt_dllmain_after_initialize_c(从 MSVCRTD.lib(utility.obj) 中)
      已丢弃 $unwind$__scrt_dllmain_uninitialize_c(从 MSVCRTD.lib(utility.obj) 中)
      已丢弃 $unwind$__scrt_dllmain_uninitialize_critical(从 MSVCRTD.lib(utility.obj) 中)
      已丢弃 $unwind$__scrt_dllmain_crt_thread_attach(从 MSVCRTD.lib(utility.obj) 中)
      已丢弃 $unwind$__scrt_dllmain_crt_thread_detach(从 MSVCRTD.lib(utility.obj) 中)
      已丢弃 $unwind$?__scrt_uninitialize_type_info@@YAXXZ(从 MSVCRTD.lib(tncleanup.obj) 中)
      已丢弃 $unwind$__scrt_get_show_window_mode(从 MSVCRTD.lib(utility_desktop.obj) 中)
      已丢弃 $unwind$ReadNoFence64(从 MSVCRTD.lib(guard_support.obj) 中)
      已丢弃 $unwind$ReadPointerNoFence(从 MSVCRTD.lib(guard_support.obj) 中)
      已丢弃 $unwind$_guard_icall_checks_enforced(从 MSVCRTD.lib(guard_support.obj) 中)
      已丢弃 $unwind$__castguard_compat_check(从 MSVCRTD.lib(guard_support.obj) 中)
      已丢弃 $unwind$__castguard_check_failure_debugbreak(从 MSVCRTD.lib(guard_support.obj) 中)
      已丢弃 $unwind$__castguard_check_failure_fastfail(从 MSVCRTD.lib(guard_support.obj) 中)
      已丢弃 $unwind$__castguard_check_failure_os_handled(从 MSVCRTD.lib(guard_support.obj) 中)
      已丢弃 $unwind$__castguard_slow_path_compat_check(从 MSVCRTD.lib(guard_support.obj) 中)
      已丢弃 $unwind$__castguard_slow_path_check_debugbreak(从 MSVCRTD.lib(guard_support.obj) 中)
      已丢弃 $unwind$__castguard_slow_path_check_fastfail(从 MSVCRTD.lib(guard_support.obj) 中)
      已丢弃 $unwind$__castguard_slow_path_check_os_handled(从 MSVCRTD.lib(guard_support.obj) 中)
      已丢弃 $unwind$__report_securityfailure(从 MSVCRTD.lib(gs_report.obj) 中)
      已丢弃 $unwind$__report_securityfailureEx(从 MSVCRTD.lib(gs_report.obj) 中)
      已丢弃 $unwind$__report_rangecheckfailure(从 MSVCRTD.lib(gs_report.obj) 中)
      已丢弃 $unwind$capture_current_context(从 MSVCRTD.lib(gs_report.obj) 中)
      已丢弃 "bool `_RTC_InitBase'::`2'::init" (?init@?1??_RTC_InitBase@@9@4_NA)(从 MSVCRTD.lib(init.obj) 中)
      已丢弃 $pdata$?__empty_global_delete@@YAXPEAX@Z(从 main.obj 中)
      已丢弃 $pdata$?__empty_global_delete@@YAXPEAX_K@Z(从 main.obj 中)
      已丢弃 $pdata$_RTC_CheckStackVars2(从 MSVCRTD.lib(stack.obj) 中)
      已丢弃 $pdata$1$_RTC_CheckStackVars2(从 MSVCRTD.lib(stack.obj) 中)
      已丢弃 $pdata$2$_RTC_CheckStackVars2(从 MSVCRTD.lib(stack.obj) 中)
      已丢弃 $pdata$3$_RTC_CheckStackVars2(从 MSVCRTD.lib(stack.obj) 中)
      已丢弃 $pdata$4$_RTC_CheckStackVars2(从 MSVCRTD.lib(stack.obj) 中)
      已丢弃 $pdata$5$_RTC_CheckStackVars2(从 MSVCRTD.lib(stack.obj) 中)
      已丢弃 $pdata$6$_RTC_CheckStackVars2(从 MSVCRTD.lib(stack.obj) 中)
      已丢弃 $pdata$_RTC_AllocaHelper(从 MSVCRTD.lib(stack.obj) 中)
      已丢弃 $pdata$0$_RTC_AllocaHelper(从 MSVCRTD.lib(stack.obj) 中)
      已丢弃 $pdata$1$_RTC_AllocaHelper(从 MSVCRTD.lib(stack.obj) 中)
      已丢弃 $pdata$_RTC_Shutdown(从 MSVCRTD.lib(init.obj) 中)
      已丢弃 $pdata$_RTC_InitBase(从 MSVCRTD.lib(init.obj) 中)
      已丢弃 $pdata$_RTC_UninitUse(从 MSVCRTD.lib(error.obj) 中)
      已丢弃 $pdata$?_RTC_AllocaFailure@@YAXPEAXPEAU_RTC_ALLOCA_NODE@@H@Z(从 MSVCRTD.lib(error.obj) 中)
      已丢弃 $pdata$0$?_RTC_AllocaFailure@@YAXPEAXPEAU_RTC_ALLOCA_NODE@@H@Z(从 MSVCRTD.lib(error.obj) 中)
      已丢弃 $pdata$1$?_RTC_AllocaFailure@@YAXPEAXPEAU_RTC_ALLOCA_NODE@@H@Z(从 MSVCRTD.lib(error.obj) 中)
      已丢弃 $pdata$_vsprintf_s_l(从 MSVCRTD.lib(error.obj) 中)
      已丢弃 $pdata$sprintf_s(从 MSVCRTD.lib(error.obj) 中)
      已丢弃 $pdata$?_getMemBlockDataString@@YAXPEAD0PEBD_K@Z(从 MSVCRTD.lib(error.obj) 中)
      已丢弃 $pdata$3$?_getMemBlockDataString@@YAXPEAD0PEBD_K@Z(从 MSVCRTD.lib(error.obj) 中)
      已丢弃 $pdata$4$?_getMemBlockDataString@@YAXPEAD0PEBD_K@Z(从 MSVCRTD.lib(error.obj) 中)
      已丢弃 $pdata$at_quick_exit(从 MSVCRTD.lib(utility.obj) 中)
      已丢弃 $pdata$__scrt_dllmain_exception_filter(从 MSVCRTD.lib(utility.obj) 中)
      已丢弃 $pdata$__scrt_dllmain_before_initialize_c(从 MSVCRTD.lib(utility.obj) 中)
      已丢弃 $pdata$__scrt_dllmain_after_initialize_c(从 MSVCRTD.lib(utility.obj) 中)
      已丢弃 $pdata$__scrt_dllmain_uninitialize_c(从 MSVCRTD.lib(utility.obj) 中)
      已丢弃 $pdata$__scrt_dllmain_uninitialize_critical(从 MSVCRTD.lib(utility.obj) 中)
      已丢弃 $pdata$__scrt_dllmain_crt_thread_attach(从 MSVCRTD.lib(utility.obj) 中)
      已丢弃 $pdata$__scrt_dllmain_crt_thread_detach(从 MSVCRTD.lib(utility.obj) 中)
      已丢弃 $pdata$?__scrt_uninitialize_type_info@@YAXXZ(从 MSVCRTD.lib(tncleanup.obj) 中)
      已丢弃 $pdata$__scrt_get_show_window_mode(从 MSVCRTD.lib(utility_desktop.obj) 中)
      已丢弃 $pdata$ReadNoFence64(从 MSVCRTD.lib(guard_support.obj) 中)
      已丢弃 $pdata$ReadPointerNoFence(从 MSVCRTD.lib(guard_support.obj) 中)
      已丢弃 $pdata$_guard_icall_checks_enforced(从 MSVCRTD.lib(guard_support.obj) 中)
      已丢弃 $pdata$__castguard_compat_check(从 MSVCRTD.lib(guard_support.obj) 中)
      已丢弃 $pdata$__castguard_check_failure_debugbreak(从 MSVCRTD.lib(guard_support.obj) 中)
      已丢弃 $pdata$__castguard_check_failure_fastfail(从 MSVCRTD.lib(guard_support.obj) 中)
      已丢弃 $pdata$__castguard_check_failure_os_handled(从 MSVCRTD.lib(guard_support.obj) 中)
      已丢弃 $pdata$__castguard_slow_path_compat_check(从 MSVCRTD.lib(guard_support.obj) 中)
      已丢弃 $pdata$__castguard_slow_path_check_debugbreak(从 MSVCRTD.lib(guard_support.obj) 中)
      已丢弃 $pdata$__castguard_slow_path_check_fastfail(从 MSVCRTD.lib(guard_support.obj) 中)
      已丢弃 $pdata$__castguard_slow_path_check_os_handled(从 MSVCRTD.lib(guard_support.obj) 中)
      已丢弃 $pdata$__report_securityfailure(从 MSVCRTD.lib(gs_report.obj) 中)
      已丢弃 $pdata$__report_securityfailureEx(从 MSVCRTD.lib(gs_report.obj) 中)
      已丢弃 $pdata$__report_rangecheckfailure(从 MSVCRTD.lib(gs_report.obj) 中)
      已丢弃 $pdata$capture_current_context(从 MSVCRTD.lib(gs_report.obj) 中)
      已丢弃“.idata$4”(从 kernel32.lib(KERNEL32.dll) 中)
      已丢弃“.idata$4”(从 vcruntimed.lib(VCRUNTIME140D.dll) 中)
      已丢弃“.idata$4”(从 ucrtd.lib(ucrtbased.dll) 中)
      已丢弃“.idata$4”(从 ucrtd.lib(ucrtbased.dll) 中)
      已丢弃“.idata$4”(从 ucrtd.lib(ucrtbased.dll) 中)
      已丢弃“.idata$4”(从 ucrtd.lib(ucrtbased.dll) 中)
      已丢弃“.idata$4”(从 ucrtd.lib(ucrtbased.dll) 中)
      已丢弃“.idata$4”(从 ucrtd.lib(ucrtbased.dll) 中)
      已丢弃 __imp_GetStartupInfoW(从 kernel32.lib(KERNEL32.dll) 中)
      已丢弃 __imp___std_type_info_destroy_list(从 vcruntimed.lib(VCRUNTIME140D.dll) 中)
      已丢弃 __imp__execute_onexit_table(从 ucrtd.lib(ucrtbased.dll) 中)
      已丢弃 __imp__crt_at_quick_exit(从 ucrtd.lib(ucrtbased.dll) 中)
      已丢弃 __imp__seh_filter_dll(从 ucrtd.lib(ucrtbased.dll) 中)
      已丢弃 __imp__CrtDbgReportW(从 ucrtd.lib(ucrtbased.dll) 中)
      已丢弃 __imp__CrtDbgReport(从 ucrtd.lib(ucrtbased.dll) 中)
      已丢弃 __imp___stdio_common_vsprintf_s(从 ucrtd.lib(ucrtbased.dll) 中)
      已丢弃“.idata$6”(从 vcruntimed.lib(VCRUNTIME140D.dll) 中)
      已丢弃“.idata$6”(从 ucrtd.lib(ucrtbased.dll) 中)
      已丢弃“.idata$6”(从 ucrtd.lib(ucrtbased.dll) 中)
      已丢弃“.idata$6”(从 ucrtd.lib(ucrtbased.dll) 中)
      已丢弃“.idata$6”(从 ucrtd.lib(ucrtbased.dll) 中)
      已丢弃“.idata$6”(从 ucrtd.lib(ucrtbased.dll) 中)
      已丢弃“.idata$6”(从 ucrtd.lib(ucrtbased.dll) 中)
      已丢弃“.idata$6”(从 kernel32.lib(KERNEL32.dll) 中)
      已丢弃 "void __cdecl __empty_global_delete(void *)" (?__empty_global_delete@@YAXPEAX@Z)(从 main.obj 中)
      已丢弃 "void __cdecl __empty_global_delete(void *,unsigned __int64)" (?__empty_global_delete@@YAXPEAX_K@Z)(从 main.obj 中)
      已丢弃 "public: class std::basic_ostream<char,struct std::char_traits<char> > & __cdecl std::basic_ostream<char,struct std::char_traits<char> >::operator<<(int)" (??6?$basic_ostream@DU?$char_traits@D@std@@@std@@QEAAAEAV01@H@Z)(从 msvcprtd.lib(MSVCP140D.dll) 中)
      已丢弃 _RTC_AllocaHelper(从 MSVCRTD.lib(stack.obj) 中)
      已丢弃 _RTC_CheckStackVars2(从 MSVCRTD.lib(stack.obj) 中)
      已丢弃 _CRT_RTC_INIT(从 MSVCRTD.lib(init.obj) 中)
      已丢弃 _CRT_RTC_INITW(从 MSVCRTD.lib(init.obj) 中)
      已丢弃 _RTC_InitBase(从 MSVCRTD.lib(init.obj) 中)
      已丢弃 _RTC_Shutdown(从 MSVCRTD.lib(init.obj) 中)
      已丢弃 "void __cdecl _RTC_AllocaFailure(void *,struct _RTC_ALLOCA_NODE *,int)" (?_RTC_AllocaFailure@@YAXPEAXPEAU_RTC_ALLOCA_NODE@@H@Z)(从 MSVCRTD.lib(error.obj) 中)
      已丢弃 "void __cdecl _RTC_Failure(void *,int)" (?_RTC_Failure@@YAXPEAXH@Z)(从 MSVCRTD.lib(error.obj) 中)
      已丢弃 "void __cdecl _getMemBlockDataString(char *,char *,char const *,unsigned __int64)" (?_getMemBlockDataString@@YAXPEAD0PEBD_K@Z)(从 MSVCRTD.lib(error.obj) 中)
      已丢弃 _RTC_UninitUse(从 MSVCRTD.lib(error.obj) 中)
      已丢弃 _vsprintf_s_l(从 MSVCRTD.lib(error.obj) 中)
      已丢弃 sprintf_s(从 MSVCRTD.lib(error.obj) 中)
      已丢弃 _RTC_GetErrDesc(从 MSVCRTD.lib(userapi.obj) 中)
      已丢弃 _RTC_NumErrors(从 MSVCRTD.lib(userapi.obj) 中)
      已丢弃 _RTC_SetErrorFunc(从 MSVCRTD.lib(userapi.obj) 中)
      已丢弃 _RTC_SetErrorFuncW(从 MSVCRTD.lib(userapi.obj) 中)
      已丢弃 _RTC_SetErrorType(从 MSVCRTD.lib(userapi.obj) 中)
      已丢弃 __scrt_dllmain_after_initialize_c(从 MSVCRTD.lib(utility.obj) 中)
      已丢弃 __scrt_dllmain_before_initialize_c(从 MSVCRTD.lib(utility.obj) 中)
      已丢弃 __scrt_dllmain_crt_thread_attach(从 MSVCRTD.lib(utility.obj) 中)
      已丢弃 __scrt_dllmain_crt_thread_detach(从 MSVCRTD.lib(utility.obj) 中)
      已丢弃 __scrt_dllmain_exception_filter(从 MSVCRTD.lib(utility.obj) 中)
      已丢弃 __scrt_dllmain_uninitialize_c(从 MSVCRTD.lib(utility.obj) 中)
      已丢弃 __scrt_dllmain_uninitialize_critical(从 MSVCRTD.lib(utility.obj) 中)
      已丢弃 at_quick_exit(从 MSVCRTD.lib(utility.obj) 中)
      已丢弃 "void __cdecl __scrt_uninitialize_type_info(void)" (?__scrt_uninitialize_type_info@@YAXXZ)(从 MSVCRTD.lib(tncleanup.obj) 中)
      已丢弃 __scrt_get_show_window_mode(从 MSVCRTD.lib(utility_desktop.obj) 中)
      已丢弃 ReadNoFence64(从 MSVCRTD.lib(guard_support.obj) 中)
      已丢弃 ReadPointerNoFence(从 MSVCRTD.lib(guard_support.obj) 中)
      已丢弃 __castguard_check_failure_debugbreak(从 MSVCRTD.lib(guard_support.obj) 中)
      已丢弃 __castguard_check_failure_fastfail(从 MSVCRTD.lib(guard_support.obj) 中)
      已丢弃 __castguard_check_failure_nop(从 MSVCRTD.lib(guard_support.obj) 中)
      已丢弃 __castguard_check_failure_os_handled(从 MSVCRTD.lib(guard_support.obj) 中)
      已丢弃 __castguard_compat_check(从 MSVCRTD.lib(guard_support.obj) 中)
      已丢弃 __castguard_slow_path_check_debugbreak(从 MSVCRTD.lib(guard_support.obj) 中)
      已丢弃 __castguard_slow_path_check_fastfail(从 MSVCRTD.lib(guard_support.obj) 中)
      已丢弃 __castguard_slow_path_check_nop(从 MSVCRTD.lib(guard_support.obj) 中)
      已丢弃 __castguard_slow_path_check_os_handled(从 MSVCRTD.lib(guard_support.obj) 中)
      已丢弃 __castguard_slow_path_compat_check(从 MSVCRTD.lib(guard_support.obj) 中)
      已丢弃 _guard_icall_checks_enforced(从 MSVCRTD.lib(guard_support.obj) 中)
      已丢弃 _guard_rf_checks_enforced(从 MSVCRTD.lib(guard_support.obj) 中)
      已丢弃 __report_rangecheckfailure(从 MSVCRTD.lib(gs_report.obj) 中)
      已丢弃 __report_securityfailure(从 MSVCRTD.lib(gs_report.obj) 中)
      已丢弃 __report_securityfailureEx(从 MSVCRTD.lib(gs_report.obj) 中)
      已丢弃 capture_current_context(从 MSVCRTD.lib(gs_report.obj) 中)
      已丢弃 __std_type_info_destroy_list(从 vcruntimed.lib(VCRUNTIME140D.dll) 中)
      已丢弃 _CrtDbgReport(从 ucrtd.lib(ucrtbased.dll) 中)
      已丢弃 _CrtDbgReportW(从 ucrtd.lib(ucrtbased.dll) 中)
      已丢弃 __stdio_common_vsprintf_s(从 ucrtd.lib(ucrtbased.dll) 中)
      已丢弃 _seh_filter_dll(从 ucrtd.lib(ucrtbased.dll) 中)
      已丢弃 _execute_onexit_table(从 ucrtd.lib(ucrtbased.dll) 中)
      已丢弃 _crt_at_quick_exit(从 ucrtd.lib(ucrtbased.dll) 中)
      已丢弃 IsDebuggerPresent(从 kernel32.lib(KERNEL32.dll) 中)
      已丢弃 RaiseException(从 kernel32.lib(KERNEL32.dll) 中)
      已丢弃 MultiByteToWideChar(从 kernel32.lib(KERNEL32.dll) 中)
      已丢弃 WideCharToMultiByte(从 kernel32.lib(KERNEL32.dll) 中)
      已丢弃 QueryPerformanceCounter(从 kernel32.lib(KERNEL32.dll) 中)
      已丢弃 GetCurrentProcessId(从 kernel32.lib(KERNEL32.dll) 中)
      已丢弃 GetCurrentThreadId(从 kernel32.lib(KERNEL32.dll) 中)
      已丢弃 GetSystemTimeAsFileTime(从 kernel32.lib(KERNEL32.dll) 中)
      已丢弃 InitializeSListHead(从 kernel32.lib(KERNEL32.dll) 中)
      已丢弃 RtlCaptureContext(从 kernel32.lib(KERNEL32.dll) 中)
      已丢弃 RtlLookupFunctionEntry(从 kernel32.lib(KERNEL32.dll) 中)
      已丢弃 RtlVirtualUnwind(从 kernel32.lib(KERNEL32.dll) 中)
      已丢弃 UnhandledExceptionFilter(从 kernel32.lib(KERNEL32.dll) 中)
      已丢弃 SetUnhandledExceptionFilter(从 kernel32.lib(KERNEL32.dll) 中)
      已丢弃 GetStartupInfoW(从 kernel32.lib(KERNEL32.dll) 中)
      已丢弃 GetModuleHandleW(从 kernel32.lib(KERNEL32.dll) 中)
      已丢弃 GetLastError(从 kernel32.lib(KERNEL32.dll) 中)
      已丢弃 HeapAlloc(从 kernel32.lib(KERNEL32.dll) 中)
      已丢弃 HeapFree(从 kernel32.lib(KERNEL32.dll) 中)
      已丢弃 GetProcessHeap(从 kernel32.lib(KERNEL32.dll) 中)
      已丢弃 VirtualQuery(从 kernel32.lib(KERNEL32.dll) 中)
      已丢弃 FreeLibrary(从 kernel32.lib(KERNEL32.dll) 中)
      已丢弃 GetProcAddress(从 kernel32.lib(KERNEL32.dll) 中)
      已丢弃 GetCurrentProcess(从 kernel32.lib(KERNEL32.dll) 中)
      已丢弃 TerminateProcess(从 kernel32.lib(KERNEL32.dll) 中)
      已丢弃 __scrt_stub_for_acrt_thread_attach(从 MSVCRTD.lib(ucrt_stubs.obj) 中)
      已丢弃 __scrt_stub_for_acrt_thread_detach(从 MSVCRTD.lib(ucrt_stubs.obj) 中)
      已丢弃 __scrt_stub_for_acrt_uninitialize_critical(从 MSVCRTD.lib(ucrt_stubs.obj) 中)
      已丢弃 __scrt_stub_for_is_c_termination_complete(从 MSVCRTD.lib(ucrt_stubs.obj) 中)
  release-src.vcxproj -> C:\OsWorkPlace\Pro\build\release-src\Debug\release-src.exe
